<?xml version="1.0" encoding="UTF-8"?>
<testng-results ignored="0" total="2" passed="2" failed="0" skipped="0">
  <reporter-output>
  </reporter-output>
  <suite started-at="2023-04-25T23:17:20 EDT" name="OrangeHRM" finished-at="2023-04-25T23:17:42 EDT" duration-ms="22104">
    <groups>
    </groups>
    <test started-at="2023-04-25T23:17:20 EDT" name="TestNg" finished-at="2023-04-25T23:17:42 EDT" duration-ms="22104">
      <class name="testLayer.LoginTest">
        <test-method is-config="true" signature="initsetup()[pri:0, instance:testLayer.LoginTest@478190fc]" started-at="2023-04-25T23:17:20 EDT" name="initsetup" finished-at="2023-04-25T23:17:27 EDT" duration-ms="6466" status="PASS">
          <reporter-output>
          </reporter-output>
        </test-method> <!-- initsetup -->
        <test-method signature="Title()[pri:1, instance:testLayer.LoginTest@478190fc]" started-at="2023-04-25T23:17:27 EDT" name="Title" finished-at="2023-04-25T23:17:32 EDT" duration-ms="5013" status="PASS">
          <reporter-output>
          </reporter-output>
        </test-method> <!-- Title -->
        <test-method is-config="true" signature="close()[pri:0, instance:testLayer.LoginTest@478190fc]" started-at="2023-04-25T23:17:32 EDT" name="close" finished-at="2023-04-25T23:17:32 EDT" duration-ms="118" status="PASS">
          <reporter-output>
          </reporter-output>
        </test-method> <!-- close -->
        <test-method is-config="true" signature="initsetup()[pri:0, instance:testLayer.LoginTest@478190fc]" started-at="2023-04-25T23:17:33 EDT" name="initsetup" finished-at="2023-04-25T23:17:38 EDT" duration-ms="4805" status="PASS">
          <reporter-output>
          </reporter-output>
        </test-method> <!-- initsetup -->
        <test-method signature="Login(java.lang.String,java.lang.String)[pri:2, instance:testLayer.LoginTest@478190fc]" started-at="2023-04-25T23:17:38 EDT" name="Login" data-provider="Details" finished-at="2023-04-25T23:17:42 EDT" duration-ms="4305" status="PASS">
          <params>
            <param index="0">
              <value>
                <![CDATA[Admin]]>
              </value>
            </param>
            <param index="1">
              <value>
                <![CDATA[admin123]]>
              </value>
            </param>
          </params>
          <reporter-output>
          </reporter-output>
        </test-method> <!-- Login -->
        <test-method is-config="true" signature="close()[pri:0, instance:testLayer.LoginTest@478190fc]" started-at="2023-04-25T23:17:42 EDT" name="close" finished-at="2023-04-25T23:17:42 EDT" duration-ms="112" status="PASS">
          <reporter-output>
          </reporter-output>
        </test-method> <!-- close -->
      </class> <!-- testLayer.LoginTest -->
    </test> <!-- TestNg -->
  </suite> <!-- OrangeHRM -->
</testng-results>
